TimeNet Logs:
2024-01-04 08:36:19 - SCHNITZEL - TEST
2024-01-04 08:53:25 - FINISHED WORK - SUCCESS
2024-01-04 09:00:21 - STARTED WORK - SUCCESS
2024-01-22 07:58:46 - FINISHED WORK - SUCCESS
2024-01-22 17:30:47 - FINISHED WORK - SUCCESS
2024-01-23 00:38:14 - STARTED WORK - SUCCESS
2024-01-23 08:49:04 - STARTED WORK - SUCCESS
2024-01-23 09:12:11 - FINISHED WORK - SUCCESS
2024-01-24 07:36:30 - HOLIDAY - NO LOG
2024-01-24 12:01:01 - HOLIDAY - NO LOG
2024-01-24 13:00:07 - HOLIDAY - NO LOG
2024-01-24 17:44:50 - HOLIDAY - NO LOG
2024-01-25 07:47:40 - STARTED WORK - SUCCESS
2024-01-25 12:00:55 - FINISHED WORK - SUCCESS
2024-01-25 12:59:55 - STARTED WORK - SUCCESS
2024-01-25 17:36:52 - FINISHED WORK - SUCCESS
2024-01-26 07:42:44 - STARTED WORK - SUCCESS
2024-01-26 12:01:32 - FINISHED WORK - SUCCESS
2024-01-26 12:59:48 - STARTED WORK - SUCCESS
2024-01-29 12:01:21 - FINISHED WORK - SUCCESS
2024-01-29 13:00:28 - STARTED WORK - SUCCESS
2024-01-29 17:57:07 - FINISHED WORK - SUCCESS
2024-01-30 07:31:26 - STARTED WORK - SUCCESS
2024-01-30 12:01:46 - FINISHED WORK - SUCCESS
2024-01-30 12:59:58 - STARTED WORK - SUCCESS
2024-01-30 17:54:54 - FINISHED WORK - SUCCESS
2024-01-31 07:36:25 - STARTED WORK - SUCCESS
2024-01-31 12:01:06 - FINISHED WORK - SUCCESS
2024-01-31 13:00:38 - STARTED WORK - SUCCESS
2024-01-31 17:01:04 - FINISHED WORK - SUCCESS
2024-02-01 07:59:15 - STARTED WORK - SUCCESS
2024-02-01 12:01:43 - FINISHED WORK - SUCCESS
2024-02-01 12:59:55 - STARTED WORK - SUCCESS
2024-02-01 17:00:17 - FINISHED WORK - SUCCESS
2024-02-02 08:00:01 - STARTED WORK - SUCCESS
2024-02-02 12:01:29 - FINISHED WORK - SUCCESS
2024-02-02 12:59:44 - STARTED WORK - SUCCESS
2024-02-02 17:01:07 - FINISHED WORK - SUCCESS
2024-02-05 08:00:02 - STARTED WORK - SUCCESS
2024-02-05 12:01:32 - FINISHED WORK - SUCCESS
2024-02-05 12:59:56 - STARTED WORK - SUCCESS
2024-02-05 17:01:04 - FINISHED WORK - SUCCESS
2024-02-06 08:00:03 - STARTED WORK - SUCCESS
2024-02-06 12:01:08 - FINISHED WORK - SUCCESS
2024-02-06 13:00:26 - STARTED WORK - SUCCESS
2024-02-06 17:00:41 - FINISHED WORK - SUCCESS
2024-02-07 07:59:21 - STARTED WORK - SUCCESS
2024-02-07 12:01:16 - FINISHED WORK - SUCCESS
2024-02-07 13:00:20 - STARTED WORK - SUCCESS
2024-02-07 17:00:15 - FINISHED WORK - SUCCESS
2024-02-08 07:59:40 - STARTED WORK - SUCCESS
2024-02-08 12:01:40 - FINISHED WORK - SUCCESS
2024-02-08 13:00:24 - STARTED WORK - SUCCESS
2024-02-08 17:01:05 - FINISHED WORK - SUCCESS
